CRITICAL - 2023-01-12 18:10:53 --> Class 'App\Controllers\GraphQLController' not found
#0 D:\wamp64\www\tradebox\system\Autoloader\Autoloader.php(365): require_once()
#1 D:\wamp64\www\tradebox\system\Autoloader\Autoloader.php(296): CodeIgniter\Autoloader\Autoloader->requireFile('D:\\wamp64\\www\\t...')
#2 D:\wamp64\www\tradebox\system\Autoloader\Autoloader.php(258): CodeIgniter\Autoloader\Autoloader->loadInNamespace('App\\Controllers...')
#3 [internal function]: CodeIgniter\Autoloader\Autoloader->loadClass('App\\Controllers...')
#4 D:\wamp64\www\tradebox\app\Controllers\Adapter.php(6): spl_autoload_call('App\\Controllers...')
#5 D:\wamp64\www\tradebox\system\Router\Router.php(583): include_once('D:\\wamp64\\www\\t...')
#6 D:\wamp64\www\tradebox\system\Router\Router.php(195): CodeIgniter\Router\Router->autoRoute('Adapter/javascr...')
#7 D:\wamp64\www\tradebox\system\CodeIgniter.php(801): CodeIgniter\Router\Router->handle('Adapter/javascr...')
#8 D:\wamp64\www\tradebox\system\CodeIgniter.php(372): CodeIgniter\CodeIgniter->tryToRouteIt(Object(CodeIgniter\Router\RouteCollection))
#9 D:\wamp64\www\tradebox\system\CodeIgniter.php(320): CodeIgniter\CodeIgniter->handleRequest(NULL, Object(Config\Cache), false)
#10 D:\wamp64\www\tradebox\index.php(64): CodeIgniter\CodeIgniter->run()
#11 {main}
CRITICAL - 2023-01-12 18:11:05 --> Class 'App\Controllers\GraphQLController' not found
#0 D:\wamp64\www\tradebox\system\Autoloader\Autoloader.php(365): require_once()
#1 D:\wamp64\www\tradebox\system\Autoloader\Autoloader.php(296): CodeIgniter\Autoloader\Autoloader->requireFile('D:\\wamp64\\www\\t...')
#2 D:\wamp64\www\tradebox\system\Autoloader\Autoloader.php(258): CodeIgniter\Autoloader\Autoloader->loadInNamespace('App\\Controllers...')
#3 [internal function]: CodeIgniter\Autoloader\Autoloader->loadClass('App\\Controllers...')
#4 D:\wamp64\www\tradebox\app\Controllers\Adapter.php(6): spl_autoload_call('App\\Controllers...')
#5 D:\wamp64\www\tradebox\system\Router\Router.php(583): include_once('D:\\wamp64\\www\\t...')
#6 D:\wamp64\www\tradebox\system\Router\Router.php(195): CodeIgniter\Router\Router->autoRoute('Adapter/css')
#7 D:\wamp64\www\tradebox\system\CodeIgniter.php(801): CodeIgniter\Router\Router->handle('Adapter/css')
#8 D:\wamp64\www\tradebox\system\CodeIgniter.php(372): CodeIgniter\CodeIgniter->tryToRouteIt(Object(CodeIgniter\Router\RouteCollection))
#9 D:\wamp64\www\tradebox\system\CodeIgniter.php(320): CodeIgniter\CodeIgniter->handleRequest(NULL, Object(Config\Cache), false)
#10 D:\wamp64\www\tradebox\index.php(64): CodeIgniter\CodeIgniter->run()
#11 {main}
CRITICAL - 2023-01-12 18:11:05 --> Class 'App\Controllers\GraphQLController' not found
#0 D:\wamp64\www\tradebox\system\Autoloader\Autoloader.php(365): require_once()
#1 D:\wamp64\www\tradebox\system\Autoloader\Autoloader.php(296): CodeIgniter\Autoloader\Autoloader->requireFile('D:\\wamp64\\www\\t...')
#2 D:\wamp64\www\tradebox\system\Autoloader\Autoloader.php(258): CodeIgniter\Autoloader\Autoloader->loadInNamespace('App\\Controllers...')
#3 [internal function]: CodeIgniter\Autoloader\Autoloader->loadClass('App\\Controllers...')
#4 D:\wamp64\www\tradebox\app\Controllers\Adapter.php(6): spl_autoload_call('App\\Controllers...')
#5 D:\wamp64\www\tradebox\system\Router\Router.php(583): include_once('D:\\wamp64\\www\\t...')
#6 D:\wamp64\www\tradebox\system\Router\Router.php(195): CodeIgniter\Router\Router->autoRoute('Adapter/javascr...')
#7 D:\wamp64\www\tradebox\system\CodeIgniter.php(801): CodeIgniter\Router\Router->handle('Adapter/javascr...')
#8 D:\wamp64\www\tradebox\system\CodeIgniter.php(372): CodeIgniter\CodeIgniter->tryToRouteIt(Object(CodeIgniter\Router\RouteCollection))
#9 D:\wamp64\www\tradebox\system\CodeIgniter.php(320): CodeIgniter\CodeIgniter->handleRequest(NULL, Object(Config\Cache), false)
#10 D:\wamp64\www\tradebox\index.php(64): CodeIgniter\CodeIgniter->run()
#11 {main}
CRITICAL - 2023-01-12 18:11:10 --> Class 'App\Controllers\GraphQLController' not found
#0 D:\wamp64\www\tradebox\system\Autoloader\Autoloader.php(365): require_once()
#1 D:\wamp64\www\tradebox\system\Autoloader\Autoloader.php(296): CodeIgniter\Autoloader\Autoloader->requireFile('D:\\wamp64\\www\\t...')
#2 D:\wamp64\www\tradebox\system\Autoloader\Autoloader.php(258): CodeIgniter\Autoloader\Autoloader->loadInNamespace('App\\Controllers...')
#3 [internal function]: CodeIgniter\Autoloader\Autoloader->loadClass('App\\Controllers...')
#4 D:\wamp64\www\tradebox\app\Controllers\Adapter.php(6): spl_autoload_call('App\\Controllers...')
#5 D:\wamp64\www\tradebox\system\Router\Router.php(583): include_once('D:\\wamp64\\www\\t...')
#6 D:\wamp64\www\tradebox\system\Router\Router.php(195): CodeIgniter\Router\Router->autoRoute('Adapter/javascr...')
#7 D:\wamp64\www\tradebox\system\CodeIgniter.php(801): CodeIgniter\Router\Router->handle('Adapter/javascr...')
#8 D:\wamp64\www\tradebox\system\CodeIgniter.php(372): CodeIgniter\CodeIgniter->tryToRouteIt(Object(CodeIgniter\Router\RouteCollection))
#9 D:\wamp64\www\tradebox\system\CodeIgniter.php(320): CodeIgniter\CodeIgniter->handleRequest(NULL, Object(Config\Cache), false)
#10 D:\wamp64\www\tradebox\index.php(64): CodeIgniter\CodeIgniter->run()
#11 {main}
CRITICAL - 2023-01-12 18:11:10 --> Class 'App\Controllers\GraphQLController' not found
#0 D:\wamp64\www\tradebox\system\Autoloader\Autoloader.php(365): require_once()
#1 D:\wamp64\www\tradebox\system\Autoloader\Autoloader.php(296): CodeIgniter\Autoloader\Autoloader->requireFile('D:\\wamp64\\www\\t...')
#2 D:\wamp64\www\tradebox\system\Autoloader\Autoloader.php(258): CodeIgniter\Autoloader\Autoloader->loadInNamespace('App\\Controllers...')
#3 [internal function]: CodeIgniter\Autoloader\Autoloader->loadClass('App\\Controllers...')
#4 D:\wamp64\www\tradebox\app\Controllers\Adapter.php(6): spl_autoload_call('App\\Controllers...')
#5 D:\wamp64\www\tradebox\system\Router\Router.php(583): include_once('D:\\wamp64\\www\\t...')
#6 D:\wamp64\www\tradebox\system\Router\Router.php(195): CodeIgniter\Router\Router->autoRoute('Adapter/css')
#7 D:\wamp64\www\tradebox\system\CodeIgniter.php(801): CodeIgniter\Router\Router->handle('Adapter/css')
#8 D:\wamp64\www\tradebox\system\CodeIgniter.php(372): CodeIgniter\CodeIgniter->tryToRouteIt(Object(CodeIgniter\Router\RouteCollection))
#9 D:\wamp64\www\tradebox\system\CodeIgniter.php(320): CodeIgniter\CodeIgniter->handleRequest(NULL, Object(Config\Cache), false)
#10 D:\wamp64\www\tradebox\index.php(64): CodeIgniter\CodeIgniter->run()
#11 {main}
CRITICAL - 2023-01-12 18:11:16 --> Class 'App\Controllers\GraphQLController' not found
#0 D:\wamp64\www\tradebox\system\Autoloader\Autoloader.php(365): require_once()
#1 D:\wamp64\www\tradebox\system\Autoloader\Autoloader.php(296): CodeIgniter\Autoloader\Autoloader->requireFile('D:\\wamp64\\www\\t...')
#2 D:\wamp64\www\tradebox\system\Autoloader\Autoloader.php(258): CodeIgniter\Autoloader\Autoloader->loadInNamespace('App\\Controllers...')
#3 [internal function]: CodeIgniter\Autoloader\Autoloader->loadClass('App\\Controllers...')
#4 D:\wamp64\www\tradebox\app\Controllers\Adapter.php(6): spl_autoload_call('App\\Controllers...')
#5 D:\wamp64\www\tradebox\system\Router\Router.php(583): include_once('D:\\wamp64\\www\\t...')
#6 D:\wamp64\www\tradebox\system\Router\Router.php(195): CodeIgniter\Router\Router->autoRoute('Adapter/javascr...')
#7 D:\wamp64\www\tradebox\system\CodeIgniter.php(801): CodeIgniter\Router\Router->handle('Adapter/javascr...')
#8 D:\wamp64\www\tradebox\system\CodeIgniter.php(372): CodeIgniter\CodeIgniter->tryToRouteIt(Object(CodeIgniter\Router\RouteCollection))
#9 D:\wamp64\www\tradebox\system\CodeIgniter.php(320): CodeIgniter\CodeIgniter->handleRequest(NULL, Object(Config\Cache), false)
#10 D:\wamp64\www\tradebox\index.php(64): CodeIgniter\CodeIgniter->run()
#11 {main}
CRITICAL - 2023-01-12 18:11:29 --> Class 'App\Controllers\GraphQLController' not found
#0 D:\wamp64\www\tradebox\system\Autoloader\Autoloader.php(365): require_once()
#1 D:\wamp64\www\tradebox\system\Autoloader\Autoloader.php(296): CodeIgniter\Autoloader\Autoloader->requireFile('D:\\wamp64\\www\\t...')
#2 D:\wamp64\www\tradebox\system\Autoloader\Autoloader.php(258): CodeIgniter\Autoloader\Autoloader->loadInNamespace('App\\Controllers...')
#3 [internal function]: CodeIgniter\Autoloader\Autoloader->loadClass('App\\Controllers...')
#4 D:\wamp64\www\tradebox\app\Controllers\Adapter.php(6): spl_autoload_call('App\\Controllers...')
#5 D:\wamp64\www\tradebox\system\Router\Router.php(583): include_once('D:\\wamp64\\www\\t...')
#6 D:\wamp64\www\tradebox\system\Router\Router.php(195): CodeIgniter\Router\Router->autoRoute('Adapter/javascr...')
#7 D:\wamp64\www\tradebox\system\CodeIgniter.php(801): CodeIgniter\Router\Router->handle('Adapter/javascr...')
#8 D:\wamp64\www\tradebox\system\CodeIgniter.php(372): CodeIgniter\CodeIgniter->tryToRouteIt(Object(CodeIgniter\Router\RouteCollection))
#9 D:\wamp64\www\tradebox\system\CodeIgniter.php(320): CodeIgniter\CodeIgniter->handleRequest(NULL, Object(Config\Cache), false)
#10 D:\wamp64\www\tradebox\index.php(64): CodeIgniter\CodeIgniter->run()
#11 {main}
CRITICAL - 2023-01-12 18:11:29 --> Class 'App\Controllers\GraphQLController' not found
#0 D:\wamp64\www\tradebox\system\Autoloader\Autoloader.php(365): require_once()
#1 D:\wamp64\www\tradebox\system\Autoloader\Autoloader.php(296): CodeIgniter\Autoloader\Autoloader->requireFile('D:\\wamp64\\www\\t...')
#2 D:\wamp64\www\tradebox\system\Autoloader\Autoloader.php(258): CodeIgniter\Autoloader\Autoloader->loadInNamespace('App\\Controllers...')
#3 [internal function]: CodeIgniter\Autoloader\Autoloader->loadClass('App\\Controllers...')
#4 D:\wamp64\www\tradebox\app\Controllers\Adapter.php(6): spl_autoload_call('App\\Controllers...')
#5 D:\wamp64\www\tradebox\system\Router\Router.php(583): include_once('D:\\wamp64\\www\\t...')
#6 D:\wamp64\www\tradebox\system\Router\Router.php(195): CodeIgniter\Router\Router->autoRoute('Adapter/css')
#7 D:\wamp64\www\tradebox\system\CodeIgniter.php(801): CodeIgniter\Router\Router->handle('Adapter/css')
#8 D:\wamp64\www\tradebox\system\CodeIgniter.php(372): CodeIgniter\CodeIgniter->tryToRouteIt(Object(CodeIgniter\Router\RouteCollection))
#9 D:\wamp64\www\tradebox\system\CodeIgniter.php(320): CodeIgniter\CodeIgniter->handleRequest(NULL, Object(Config\Cache), false)
#10 D:\wamp64\www\tradebox\index.php(64): CodeIgniter\CodeIgniter->run()
#11 {main}
CRITICAL - 2023-01-12 18:12:48 --> Class 'App\Controllers\GraphQLController' not found
#0 D:\wamp64\www\tradebox\system\Autoloader\Autoloader.php(365): require_once()
#1 D:\wamp64\www\tradebox\system\Autoloader\Autoloader.php(296): CodeIgniter\Autoloader\Autoloader->requireFile('D:\\wamp64\\www\\t...')
#2 D:\wamp64\www\tradebox\system\Autoloader\Autoloader.php(258): CodeIgniter\Autoloader\Autoloader->loadInNamespace('App\\Controllers...')
#3 [internal function]: CodeIgniter\Autoloader\Autoloader->loadClass('App\\Controllers...')
#4 D:\wamp64\www\tradebox\app\Controllers\Adapter.php(6): spl_autoload_call('App\\Controllers...')
#5 D:\wamp64\www\tradebox\system\Router\Router.php(583): include_once('D:\\wamp64\\www\\t...')
#6 D:\wamp64\www\tradebox\system\Router\Router.php(195): CodeIgniter\Router\Router->autoRoute('Adapter/css')
#7 D:\wamp64\www\tradebox\system\CodeIgniter.php(801): CodeIgniter\Router\Router->handle('Adapter/css')
#8 D:\wamp64\www\tradebox\system\CodeIgniter.php(372): CodeIgniter\CodeIgniter->tryToRouteIt(Object(CodeIgniter\Router\RouteCollection))
#9 D:\wamp64\www\tradebox\system\CodeIgniter.php(320): CodeIgniter\CodeIgniter->handleRequest(NULL, Object(Config\Cache), false)
#10 D:\wamp64\www\tradebox\index.php(64): CodeIgniter\CodeIgniter->run()
#11 {main}
CRITICAL - 2023-01-12 18:12:48 --> Class 'App\Controllers\GraphQLController' not found
#0 D:\wamp64\www\tradebox\system\Autoloader\Autoloader.php(365): require_once()
#1 D:\wamp64\www\tradebox\system\Autoloader\Autoloader.php(296): CodeIgniter\Autoloader\Autoloader->requireFile('D:\\wamp64\\www\\t...')
#2 D:\wamp64\www\tradebox\system\Autoloader\Autoloader.php(258): CodeIgniter\Autoloader\Autoloader->loadInNamespace('App\\Controllers...')
#3 [internal function]: CodeIgniter\Autoloader\Autoloader->loadClass('App\\Controllers...')
#4 D:\wamp64\www\tradebox\app\Controllers\Adapter.php(6): spl_autoload_call('App\\Controllers...')
#5 D:\wamp64\www\tradebox\system\Router\Router.php(583): include_once('D:\\wamp64\\www\\t...')
#6 D:\wamp64\www\tradebox\system\Router\Router.php(195): CodeIgniter\Router\Router->autoRoute('Adapter/javascr...')
#7 D:\wamp64\www\tradebox\system\CodeIgniter.php(801): CodeIgniter\Router\Router->handle('Adapter/javascr...')
#8 D:\wamp64\www\tradebox\system\CodeIgniter.php(372): CodeIgniter\CodeIgniter->tryToRouteIt(Object(CodeIgniter\Router\RouteCollection))
#9 D:\wamp64\www\tradebox\system\CodeIgniter.php(320): CodeIgniter\CodeIgniter->handleRequest(NULL, Object(Config\Cache), false)
#10 D:\wamp64\www\tradebox\index.php(64): CodeIgniter\CodeIgniter->run()
#11 {main}
CRITICAL - 2023-01-12 18:13:05 --> Class 'App\Controllers\GraphQLController' not found
#0 D:\wamp64\www\tradebox\system\Autoloader\Autoloader.php(365): require_once()
#1 D:\wamp64\www\tradebox\system\Autoloader\Autoloader.php(296): CodeIgniter\Autoloader\Autoloader->requireFile('D:\\wamp64\\www\\t...')
#2 D:\wamp64\www\tradebox\system\Autoloader\Autoloader.php(258): CodeIgniter\Autoloader\Autoloader->loadInNamespace('App\\Controllers...')
#3 [internal function]: CodeIgniter\Autoloader\Autoloader->loadClass('App\\Controllers...')
#4 D:\wamp64\www\tradebox\app\Controllers\Adapter.php(6): spl_autoload_call('App\\Controllers...')
#5 D:\wamp64\www\tradebox\system\Router\Router.php(583): include_once('D:\\wamp64\\www\\t...')
#6 D:\wamp64\www\tradebox\system\Router\Router.php(195): CodeIgniter\Router\Router->autoRoute('Adapter/javascr...')
#7 D:\wamp64\www\tradebox\system\CodeIgniter.php(801): CodeIgniter\Router\Router->handle('Adapter/javascr...')
#8 D:\wamp64\www\tradebox\system\CodeIgniter.php(372): CodeIgniter\CodeIgniter->tryToRouteIt(Object(CodeIgniter\Router\RouteCollection))
#9 D:\wamp64\www\tradebox\system\CodeIgniter.php(320): CodeIgniter\CodeIgniter->handleRequest(NULL, Object(Config\Cache), false)
#10 D:\wamp64\www\tradebox\index.php(64): CodeIgniter\CodeIgniter->run()
#11 {main}
CRITICAL - 2023-01-12 18:15:47 --> Class 'App\Controllers\GraphQLController' not found
#0 D:\wamp64\www\tradebox\system\Autoloader\Autoloader.php(365): require_once()
#1 D:\wamp64\www\tradebox\system\Autoloader\Autoloader.php(296): CodeIgniter\Autoloader\Autoloader->requireFile('D:\\wamp64\\www\\t...')
#2 D:\wamp64\www\tradebox\system\Autoloader\Autoloader.php(258): CodeIgniter\Autoloader\Autoloader->loadInNamespace('App\\Controllers...')
#3 [internal function]: CodeIgniter\Autoloader\Autoloader->loadClass('App\\Controllers...')
#4 D:\wamp64\www\tradebox\app\Controllers\Adapter.php(6): spl_autoload_call('App\\Controllers...')
#5 D:\wamp64\www\tradebox\system\Router\Router.php(583): include_once('D:\\wamp64\\www\\t...')
#6 D:\wamp64\www\tradebox\system\Router\Router.php(195): CodeIgniter\Router\Router->autoRoute('Adapter/javascr...')
#7 D:\wamp64\www\tradebox\system\CodeIgniter.php(801): CodeIgniter\Router\Router->handle('Adapter/javascr...')
#8 D:\wamp64\www\tradebox\system\CodeIgniter.php(372): CodeIgniter\CodeIgniter->tryToRouteIt(Object(CodeIgniter\Router\RouteCollection))
#9 D:\wamp64\www\tradebox\system\CodeIgniter.php(320): CodeIgniter\CodeIgniter->handleRequest(NULL, Object(Config\Cache), false)
#10 D:\wamp64\www\tradebox\index.php(64): CodeIgniter\CodeIgniter->run()
#11 {main}
CRITICAL - 2023-01-12 18:15:55 --> Class 'App\Controllers\GraphQLController' not found
#0 D:\wamp64\www\tradebox\system\Autoloader\Autoloader.php(365): require_once()
#1 D:\wamp64\www\tradebox\system\Autoloader\Autoloader.php(296): CodeIgniter\Autoloader\Autoloader->requireFile('D:\\wamp64\\www\\t...')
#2 D:\wamp64\www\tradebox\system\Autoloader\Autoloader.php(258): CodeIgniter\Autoloader\Autoloader->loadInNamespace('App\\Controllers...')
#3 [internal function]: CodeIgniter\Autoloader\Autoloader->loadClass('App\\Controllers...')
#4 D:\wamp64\www\tradebox\app\Controllers\Adapter.php(6): spl_autoload_call('App\\Controllers...')
#5 D:\wamp64\www\tradebox\system\Router\Router.php(583): include_once('D:\\wamp64\\www\\t...')
#6 D:\wamp64\www\tradebox\system\Router\Router.php(195): CodeIgniter\Router\Router->autoRoute('Adapter/javascr...')
#7 D:\wamp64\www\tradebox\system\CodeIgniter.php(801): CodeIgniter\Router\Router->handle('Adapter/javascr...')
#8 D:\wamp64\www\tradebox\system\CodeIgniter.php(372): CodeIgniter\CodeIgniter->tryToRouteIt(Object(CodeIgniter\Router\RouteCollection))
#9 D:\wamp64\www\tradebox\system\CodeIgniter.php(320): CodeIgniter\CodeIgniter->handleRequest(NULL, Object(Config\Cache), false)
#10 D:\wamp64\www\tradebox\index.php(64): CodeIgniter\CodeIgniter->run()
#11 {main}
CRITICAL - 2023-01-12 18:15:55 --> Class 'App\Controllers\GraphQLController' not found
#0 D:\wamp64\www\tradebox\system\Autoloader\Autoloader.php(365): require_once()
#1 D:\wamp64\www\tradebox\system\Autoloader\Autoloader.php(296): CodeIgniter\Autoloader\Autoloader->requireFile('D:\\wamp64\\www\\t...')
#2 D:\wamp64\www\tradebox\system\Autoloader\Autoloader.php(258): CodeIgniter\Autoloader\Autoloader->loadInNamespace('App\\Controllers...')
#3 [internal function]: CodeIgniter\Autoloader\Autoloader->loadClass('App\\Controllers...')
#4 D:\wamp64\www\tradebox\app\Controllers\Adapter.php(6): spl_autoload_call('App\\Controllers...')
#5 D:\wamp64\www\tradebox\system\Router\Router.php(583): include_once('D:\\wamp64\\www\\t...')
#6 D:\wamp64\www\tradebox\system\Router\Router.php(195): CodeIgniter\Router\Router->autoRoute('Adapter/css')
#7 D:\wamp64\www\tradebox\system\CodeIgniter.php(801): CodeIgniter\Router\Router->handle('Adapter/css')
#8 D:\wamp64\www\tradebox\system\CodeIgniter.php(372): CodeIgniter\CodeIgniter->tryToRouteIt(Object(CodeIgniter\Router\RouteCollection))
#9 D:\wamp64\www\tradebox\system\CodeIgniter.php(320): CodeIgniter\CodeIgniter->handleRequest(NULL, Object(Config\Cache), false)
#10 D:\wamp64\www\tradebox\index.php(64): CodeIgniter\CodeIgniter->run()
#11 {main}
